2021-04-05 01:04:47.0465|INFO|Microsoft.Hosting.Lifetime|Now listening on: http://127.0.0.1:16124
2021-04-05 01:04:47.1868|INFO|Microsoft.Hosting.Lifetime|Application started. Press Ctrl+C to shut down.
2021-04-05 01:04:47.2084|INFO|Microsoft.Hosting.Lifetime|Hosting environment: Product
2021-04-05 01:04:47.2368|INFO|Microsoft.Hosting.Lifetime|Content root path: D:\Core\StudentManagement\StudentManagement
2021-04-05 01:04:59.0857|WARN|StudentManagement.Controllers.ErrorController|发生了404错误，路径=/favicon.ico 以及查询字符串=
2021-04-05 01:09:07.2727|INFO|Microsoft.Hosting.Lifetime|Now listening on: http://127.0.0.1:19586
2021-04-05 01:09:07.4817|INFO|Microsoft.Hosting.Lifetime|Application started. Press Ctrl+C to shut down.
2021-04-05 01:09:07.5023|INFO|Microsoft.Hosting.Lifetime|Hosting environment: Product
2021-04-05 01:09:07.5218|INFO|Microsoft.Hosting.Lifetime|Content root path: D:\Core\StudentManagement\StudentManagement
2021-04-05 01:09:14.4051|WARN|StudentManagement.Controllers.ErrorController|发生了404错误，路径=/favicon.ico 以及查询字符串=
2021-04-05 01:13:08.7142|INFO|Microsoft.Hosting.Lifetime|Now listening on: http://127.0.0.1:20146
2021-04-05 01:13:08.8602|INFO|Microsoft.Hosting.Lifetime|Application started. Press Ctrl+C to shut down.
2021-04-05 01:13:08.8752|INFO|Microsoft.Hosting.Lifetime|Hosting environment: Product
2021-04-05 01:13:08.8922|INFO|Microsoft.Hosting.Lifetime|Content root path: D:\Core\StudentManagement\StudentManagement
2021-04-05 01:13:28.2907|WARN|StudentManagement.Controllers.ErrorController|发生了404错误，路径=/favicon.ico 以及查询字符串=
2021-04-05 01:17:01.0321|INFO|Microsoft.Hosting.Lifetime|Now listening on: http://127.0.0.1:41709
2021-04-05 01:17:01.1498|INFO|Microsoft.Hosting.Lifetime|Application started. Press Ctrl+C to shut down.
2021-04-05 01:17:01.1741|INFO|Microsoft.Hosting.Lifetime|Hosting environment: Product
2021-04-05 01:17:01.1925|INFO|Microsoft.Hosting.Lifetime|Content root path: D:\Core\StudentManagement\StudentManagement
2021-04-05 01:17:08.3127|WARN|StudentManagement.Controllers.ErrorController|发生了404错误，路径=/favicon.ico 以及查询字符串=
2021-04-05 01:20:14.7593|INFO|Microsoft.Hosting.Lifetime|Now listening on: http://127.0.0.1:25729
2021-04-05 01:20:14.9353|INFO|Microsoft.Hosting.Lifetime|Application started. Press Ctrl+C to shut down.
2021-04-05 01:20:14.9506|INFO|Microsoft.Hosting.Lifetime|Hosting environment: Product
2021-04-05 01:20:14.9751|INFO|Microsoft.Hosting.Lifetime|Content root path: D:\Core\StudentManagement\StudentManagement
2021-04-05 01:20:22.4195|WARN|StudentManagement.Controllers.ErrorController|发生了404错误，路径=/favicon.ico 以及查询字符串=
2021-04-05 01:22:26.2142|INFO|Microsoft.Hosting.Lifetime|Now listening on: http://127.0.0.1:8377
2021-04-05 01:22:26.3868|INFO|Microsoft.Hosting.Lifetime|Application started. Press Ctrl+C to shut down.
2021-04-05 01:22:26.4048|INFO|Microsoft.Hosting.Lifetime|Hosting environment: Product
2021-04-05 01:22:26.4202|INFO|Microsoft.Hosting.Lifetime|Content root path: D:\Core\StudentManagement\StudentManagement
2021-04-05 01:22:33.8326|WARN|StudentManagement.Controllers.ErrorController|发生了404错误，路径=/favicon.ico 以及查询字符串=
2021-04-05 22:32:55.7213|INFO|Microsoft.Hosting.Lifetime|Now listening on: http://127.0.0.1:44899
2021-04-05 22:32:55.8644|INFO|Microsoft.Hosting.Lifetime|Application started. Press Ctrl+C to shut down.
2021-04-05 22:32:55.9340|INFO|Microsoft.Hosting.Lifetime|Hosting environment: Product
2021-04-05 22:32:55.9912|INFO|Microsoft.Hosting.Lifetime|Content root path: D:\Core\StudentManagement\StudentManagement
2021-04-05 22:33:09.1917|WARN|StudentManagement.Controllers.ErrorController|发生了404错误，路径=/favicon.ico 以及查询字符串=
2021-04-05 22:33:16.1361|ERROR|Microsoft.AspNetCore.Diagnostics.ExceptionHandlerMiddleware|An unhandled exception has occurred while executing the request.
2021-04-05 22:33:16.2511|ERROR|StudentManagement.Controllers.ErrorController|路径/admin/listroles产生了壹个错误System.InvalidOperationException: Endpoint StudentManagement.Controllers.AdminController.ListRoles (StudentManagement) contains authorization metadata, but a middleware was not found that supports authorization.
Configure your application startup by adding app.UseAuthorization() inside the call to Configure(..) in the application startup code. The call to app.UseAuthorization() must appear between app.UseRouting() and app.UseEndpoints(...).
   at Microsoft.AspNetCore.Routing.EndpointMiddleware.ThrowMissingAuthMiddlewareException(Endpoint endpoint)
   at Microsoft.AspNetCore.Routing.EndpointMiddleware.Invoke(HttpContext httpContext)
   at Microsoft.AspNetCore.Routing.EndpointRoutingMiddleware.Invoke(HttpContext httpContext)
   at Microsoft.AspNetCore.Authentication.AuthenticationMiddleware.Invoke(HttpContext context)
   at Microsoft.AspNetCore.Diagnostics.StatusCodePagesMiddleware.Invoke(HttpContext context)
   at Microsoft.AspNetCore.Diagnostics.ExceptionHandlerMiddleware.<Invoke>g__Awaited|6_0(ExceptionHandlerMiddleware middleware, HttpContext context, Task task)
2021-04-05 22:39:28.1747|INFO|Microsoft.Hosting.Lifetime|Now listening on: http://127.0.0.1:28115
2021-04-05 22:39:28.3266|INFO|Microsoft.Hosting.Lifetime|Application started. Press Ctrl+C to shut down.
2021-04-05 22:39:28.3490|INFO|Microsoft.Hosting.Lifetime|Hosting environment: Product
2021-04-05 22:39:28.3810|INFO|Microsoft.Hosting.Lifetime|Content root path: D:\Core\StudentManagement\StudentManagement
2021-04-05 22:41:05.9587|WARN|StudentManagement.Controllers.ErrorController|发生了404错误，路径=/Account/AccessDenied 以及查询字符串=?ReturnUrl=%2Fadmin%2Flistroles
2021-04-05 22:42:48.0432|WARN|StudentManagement.Controllers.ErrorController|发生了404错误，路径=/Account/AccessDenied 以及查询字符串=?ReturnUrl=%2Fadmin%2Flistroles
2021-04-05 22:54:57.5501|INFO|Microsoft.Hosting.Lifetime|Now listening on: http://127.0.0.1:28049
2021-04-05 22:54:57.7100|INFO|Microsoft.Hosting.Lifetime|Application started. Press Ctrl+C to shut down.
2021-04-05 22:54:57.7449|INFO|Microsoft.Hosting.Lifetime|Hosting environment: Product
2021-04-05 22:54:57.7702|INFO|Microsoft.Hosting.Lifetime|Content root path: D:\Core\StudentManagement\StudentManagement
2021-04-05 22:57:17.5498|INFO|Microsoft.Hosting.Lifetime|Now listening on: http://127.0.0.1:39928
2021-04-05 22:57:17.7109|INFO|Microsoft.Hosting.Lifetime|Application started. Press Ctrl+C to shut down.
2021-04-05 22:57:17.7308|INFO|Microsoft.Hosting.Lifetime|Hosting environment: Product
2021-04-05 22:57:17.7636|INFO|Microsoft.Hosting.Lifetime|Content root path: D:\Core\StudentManagement\StudentManagement
2021-04-05 22:57:54.1407|WARN|StudentManagement.Controllers.ErrorController|发生了404错误，路径=/Account/AccessDenied 以及查询字符串=?ReturnUrl=%2Fadmin%2Flistroles
2021-04-05 23:07:53.0298|INFO|Microsoft.Hosting.Lifetime|Now listening on: http://127.0.0.1:22691
2021-04-05 23:07:53.2487|INFO|Microsoft.Hosting.Lifetime|Application started. Press Ctrl+C to shut down.
2021-04-05 23:07:53.2794|INFO|Microsoft.Hosting.Lifetime|Hosting environment: Product
2021-04-05 23:07:53.3056|INFO|Microsoft.Hosting.Lifetime|Content root path: D:\Core\StudentManagement\StudentManagement
