2021-04-06 00:13:54.0259|INFO|Microsoft.Hosting.Lifetime|Now listening on: http://127.0.0.1:5486
2021-04-06 00:13:54.1609|INFO|Microsoft.Hosting.Lifetime|Application started. Press Ctrl+C to shut down.
2021-04-06 00:13:54.1860|INFO|Microsoft.Hosting.Lifetime|Hosting environment: Product
2021-04-06 00:13:54.2050|INFO|Microsoft.Hosting.Lifetime|Content root path: D:\Core\StudentManagement\StudentManagement
2021-04-06 00:29:34.8237|INFO|Microsoft.Hosting.Lifetime|Now listening on: http://127.0.0.1:13372
2021-04-06 00:29:34.9977|INFO|Microsoft.Hosting.Lifetime|Application started. Press Ctrl+C to shut down.
2021-04-06 00:29:35.0577|INFO|Microsoft.Hosting.Lifetime|Hosting environment: Product
2021-04-06 00:29:35.0784|INFO|Microsoft.Hosting.Lifetime|Content root path: D:\Core\StudentManagement\StudentManagement
2021-04-06 01:19:13.2328|INFO|Microsoft.Hosting.Lifetime|Now listening on: http://127.0.0.1:40665
2021-04-06 01:19:13.4730|INFO|Microsoft.Hosting.Lifetime|Application started. Press Ctrl+C to shut down.
2021-04-06 01:19:13.5169|INFO|Microsoft.Hosting.Lifetime|Hosting environment: Product
2021-04-06 01:19:13.5301|INFO|Microsoft.Hosting.Lifetime|Content root path: D:\Core\StudentManagement\StudentManagement
2021-04-06 01:33:48.6322|INFO|Microsoft.Hosting.Lifetime|Now listening on: http://127.0.0.1:11987
2021-04-06 01:33:48.8254|INFO|Microsoft.Hosting.Lifetime|Application started. Press Ctrl+C to shut down.
2021-04-06 01:33:48.8433|INFO|Microsoft.Hosting.Lifetime|Hosting environment: Product
2021-04-06 01:33:48.8635|INFO|Microsoft.Hosting.Lifetime|Content root path: D:\Core\StudentManagement\StudentManagement
2021-04-06 01:37:06.8581|INFO|Microsoft.Hosting.Lifetime|Now listening on: http://127.0.0.1:29775
2021-04-06 01:37:07.1653|INFO|Microsoft.Hosting.Lifetime|Application started. Press Ctrl+C to shut down.
2021-04-06 01:37:07.1896|INFO|Microsoft.Hosting.Lifetime|Hosting environment: Product
2021-04-06 01:37:07.2069|INFO|Microsoft.Hosting.Lifetime|Content root path: D:\Core\StudentManagement\StudentManagement
2021-04-06 01:53:11.8028|INFO|Microsoft.Hosting.Lifetime|Now listening on: http://127.0.0.1:6757
2021-04-06 01:53:12.0768|INFO|Microsoft.Hosting.Lifetime|Application started. Press Ctrl+C to shut down.
2021-04-06 01:53:12.1062|INFO|Microsoft.Hosting.Lifetime|Hosting environment: Product
2021-04-06 01:53:12.1293|INFO|Microsoft.Hosting.Lifetime|Content root path: D:\Core\StudentManagement\StudentManagement
2021-04-06 01:55:21.8114|ERROR|Microsoft.AspNetCore.Mvc.ViewFeatures.ViewResultExecutor|The view 'NotFound' was not found. Searched locations: /Views/Admin/NotFound.cshtml, /Views/Shared/NotFound.cshtml
2021-04-06 01:55:21.8719|ERROR|Microsoft.AspNetCore.Diagnostics.ExceptionHandlerMiddleware|An unhandled exception has occurred while executing the request.
2021-04-06 01:55:22.0752|ERROR|StudentManagement.Controllers.ErrorController|路径/Admin/EditUser/9527产生了壹个错误System.InvalidOperationException: The view 'NotFound' was not found. The following locations were searched:
/Views/Admin/NotFound.cshtml
/Views/Shared/NotFound.cshtml
   at Microsoft.AspNetCore.Mvc.ViewEngines.ViewEngineResult.EnsureSuccessful(IEnumerable`1 originalLocations)
   at Microsoft.AspNetCore.Mvc.ViewFeatures.ViewResultExecutor.ExecuteAsync(ActionContext context, ViewResult result)
   at Microsoft.AspNetCore.Mvc.ViewResult.ExecuteResultAsync(ActionContext context)
   at Microsoft.AspNetCore.Mvc.Infrastructure.ResourceInvoker.<InvokeNextResultFilterAsync>g__Awaited|29_0[TFilter,TFilterAsync](ResourceInvoker invoker, Task lastTask, State next, Scope scope, Object state, Boolean isCompleted)
   at Microsoft.AspNetCore.Mvc.Infrastructure.ResourceInvoker.Rethrow(ResultExecutedContextSealed context)
   at Microsoft.AspNetCore.Mvc.Infrastructure.ResourceInvoker.ResultNext[TFilter,TFilterAsync](State& next, Scope& scope, Object& state, Boolean& isCompleted)
   at Microsoft.AspNetCore.Mvc.Infrastructure.ResourceInvoker.InvokeResultFilters()
--- End of stack trace from previous location ---
   at Microsoft.AspNetCore.Mvc.Infrastructure.ResourceInvoker.<InvokeNextResourceFilter>g__Awaited|24_0(ResourceInvoker invoker, Task lastTask, State next, Scope scope, Object state, Boolean isCompleted)
   at Microsoft.AspNetCore.Mvc.Infrastructure.ResourceInvoker.Rethrow(ResourceExecutedContextSealed context)
   at Microsoft.AspNetCore.Mvc.Infrastructure.ResourceInvoker.Next(State& next, Scope& scope, Object& state, Boolean& isCompleted)
   at Microsoft.AspNetCore.Mvc.Infrastructure.ResourceInvoker.<InvokeFilterPipelineAsync>g__Awaited|19_0(ResourceInvoker invoker, Task lastTask, State next, Scope scope, Object state, Boolean isCompleted)
   at Microsoft.AspNetCore.Mvc.Infrastructure.ResourceInvoker.<InvokeAsync>g__Awaited|17_0(ResourceInvoker invoker, Task task, IDisposable scope)
   at Microsoft.AspNetCore.Routing.EndpointMiddleware.<Invoke>g__AwaitRequestTask|6_0(Endpoint endpoint, Task requestTask, ILogger logger)
   at Microsoft.AspNetCore.Authorization.Policy.AuthorizationMiddlewareResultHandler.HandleAsync(RequestDelegate next, HttpContext context, AuthorizationPolicy policy, PolicyAuthorizationResult authorizeResult)
   at Microsoft.AspNetCore.Authorization.AuthorizationMiddleware.Invoke(HttpContext context)
   at Microsoft.AspNetCore.Authentication.AuthenticationMiddleware.Invoke(HttpContext context)
   at Microsoft.AspNetCore.Diagnostics.StatusCodePagesMiddleware.Invoke(HttpContext context)
   at Microsoft.AspNetCore.Diagnostics.ExceptionHandlerMiddleware.<Invoke>g__Awaited|6_0(ExceptionHandlerMiddleware middleware, HttpContext context, Task task)
2021-04-06 02:04:10.0582|INFO|Microsoft.Hosting.Lifetime|Now listening on: http://127.0.0.1:11538
2021-04-06 02:04:10.2371|INFO|Microsoft.Hosting.Lifetime|Application started. Press Ctrl+C to shut down.
2021-04-06 02:04:10.2617|INFO|Microsoft.Hosting.Lifetime|Hosting environment: Product
2021-04-06 02:04:10.3025|INFO|Microsoft.Hosting.Lifetime|Content root path: D:\Core\StudentManagement\StudentManagement
2021-04-06 02:04:47.6804|ERROR|StudentManagement.Controllers.HomeController|学生详情---错误（Error）Log
2021-04-06 02:04:47.7061|FATAL|StudentManagement.Controllers.HomeController|学生详情---严重（Critical）Log
2021-04-06 02:04:56.2378|ERROR|StudentManagement.Controllers.HomeController|学生详情---错误（Error）Log
2021-04-06 02:04:56.2694|FATAL|StudentManagement.Controllers.HomeController|学生详情---严重（Critical）Log
2021-04-06 02:25:20.7551|INFO|Microsoft.Hosting.Lifetime|Now listening on: http://127.0.0.1:38759
2021-04-06 02:25:20.9583|INFO|Microsoft.Hosting.Lifetime|Application started. Press Ctrl+C to shut down.
2021-04-06 02:25:20.9964|INFO|Microsoft.Hosting.Lifetime|Hosting environment: Product
2021-04-06 02:25:21.0271|INFO|Microsoft.Hosting.Lifetime|Content root path: D:\Core\StudentManagement\StudentManagement
2021-04-06 02:26:12.7356|ERROR|StudentManagement.Controllers.HomeController|学生详情---错误（Error）Log
2021-04-06 02:26:12.7610|FATAL|StudentManagement.Controllers.HomeController|学生详情---严重（Critical）Log
2021-04-06 02:26:16.8559|ERROR|StudentManagement.Controllers.HomeController|学生详情---错误（Error）Log
2021-04-06 02:26:16.8729|FATAL|StudentManagement.Controllers.HomeController|学生详情---严重（Critical）Log
2021-04-06 02:27:06.5493|WARN|StudentManagement.Controllers.ErrorController|发生了404错误，路径=/home/hello/ 以及查询字符串=
2021-04-06 02:27:32.8205|WARN|StudentManagement.Controllers.ErrorController|发生了404错误，路径=/home/hello/99 以及查询字符串=
2021-04-06 02:29:24.2885|ERROR|StudentManagement.Controllers.HomeController|学生详情---错误（Error）Log
2021-04-06 02:29:24.3355|FATAL|StudentManagement.Controllers.HomeController|学生详情---严重（Critical）Log
2021-04-06 02:29:30.4994|ERROR|StudentManagement.Controllers.HomeController|学生详情---错误（Error）Log
2021-04-06 02:29:30.5484|FATAL|StudentManagement.Controllers.HomeController|学生详情---严重（Critical）Log
2021-04-06 02:30:24.7447|INFO|Microsoft.Hosting.Lifetime|Now listening on: http://127.0.0.1:44213
2021-04-06 02:30:25.0985|INFO|Microsoft.Hosting.Lifetime|Application started. Press Ctrl+C to shut down.
2021-04-06 02:30:25.1199|INFO|Microsoft.Hosting.Lifetime|Hosting environment: Product
2021-04-06 02:30:25.1757|INFO|Microsoft.Hosting.Lifetime|Content root path: D:\Core\StudentManagement\StudentManagement
2021-04-06 02:31:30.3465|ERROR|StudentManagement.Controllers.HomeController|学生详情---错误（Error）Log
2021-04-06 02:31:30.3824|FATAL|StudentManagement.Controllers.HomeController|学生详情---严重（Critical）Log
2021-04-06 02:31:34.9295|ERROR|StudentManagement.Controllers.HomeController|学生详情---错误（Error）Log
2021-04-06 02:31:34.9560|FATAL|StudentManagement.Controllers.HomeController|学生详情---严重（Critical）Log
2021-04-06 02:31:35.4479|ERROR|StudentManagement.Controllers.HomeController|学生详情---错误（Error）Log
2021-04-06 02:31:35.5012|FATAL|StudentManagement.Controllers.HomeController|学生详情---严重（Critical）Log
2021-04-06 02:36:43.7411|INFO|Microsoft.Hosting.Lifetime|Now listening on: http://127.0.0.1:22343
2021-04-06 02:36:44.0777|INFO|Microsoft.Hosting.Lifetime|Application started. Press Ctrl+C to shut down.
2021-04-06 02:36:44.1090|INFO|Microsoft.Hosting.Lifetime|Hosting environment: Product
2021-04-06 02:36:44.1327|INFO|Microsoft.Hosting.Lifetime|Content root path: D:\Core\StudentManagement\StudentManagement
2021-04-06 03:19:25.6909|INFO|Microsoft.Hosting.Lifetime|Now listening on: http://127.0.0.1:39811
2021-04-06 03:19:26.0574|INFO|Microsoft.Hosting.Lifetime|Application started. Press Ctrl+C to shut down.
2021-04-06 03:19:26.0801|INFO|Microsoft.Hosting.Lifetime|Hosting environment: Product
2021-04-06 03:19:26.1061|INFO|Microsoft.Hosting.Lifetime|Content root path: D:\Core\StudentManagement\StudentManagement
2021-04-06 03:55:46.7046|INFO|Microsoft.Hosting.Lifetime|Now listening on: http://127.0.0.1:33605
2021-04-06 03:55:46.8738|INFO|Microsoft.Hosting.Lifetime|Application started. Press Ctrl+C to shut down.
2021-04-06 03:55:46.8991|INFO|Microsoft.Hosting.Lifetime|Hosting environment: Product
2021-04-06 03:55:47.0464|INFO|Microsoft.Hosting.Lifetime|Content root path: D:\Core\StudentManagement\StudentManagement
2021-04-06 03:59:09.8470|INFO|Microsoft.Hosting.Lifetime|Now listening on: http://127.0.0.1:25866
2021-04-06 03:59:10.1028|INFO|Microsoft.Hosting.Lifetime|Application started. Press Ctrl+C to shut down.
2021-04-06 03:59:10.1249|INFO|Microsoft.Hosting.Lifetime|Hosting environment: Product
2021-04-06 03:59:10.1772|INFO|Microsoft.Hosting.Lifetime|Content root path: D:\Core\StudentManagement\StudentManagement
2021-04-06 04:09:00.8352|INFO|Microsoft.Hosting.Lifetime|Now listening on: http://127.0.0.1:40335
2021-04-06 04:09:01.1139|INFO|Microsoft.Hosting.Lifetime|Application started. Press Ctrl+C to shut down.
2021-04-06 04:09:01.1441|INFO|Microsoft.Hosting.Lifetime|Hosting environment: Product
2021-04-06 04:09:01.2635|INFO|Microsoft.Hosting.Lifetime|Content root path: D:\Core\StudentManagement\StudentManagement
2021-04-06 04:11:01.7357|INFO|Microsoft.Hosting.Lifetime|Now listening on: http://127.0.0.1:32527
2021-04-06 04:11:01.9074|INFO|Microsoft.Hosting.Lifetime|Application started. Press Ctrl+C to shut down.
2021-04-06 04:11:02.0351|INFO|Microsoft.Hosting.Lifetime|Hosting environment: Product
2021-04-06 04:11:02.0520|INFO|Microsoft.Hosting.Lifetime|Content root path: D:\Core\StudentManagement\StudentManagement
2021-04-06 04:33:35.5524|INFO|Microsoft.Hosting.Lifetime|Now listening on: http://127.0.0.1:27958
2021-04-06 04:33:36.2465|INFO|Microsoft.Hosting.Lifetime|Application started. Press Ctrl+C to shut down.
2021-04-06 04:33:36.2888|INFO|Microsoft.Hosting.Lifetime|Hosting environment: Product
2021-04-06 04:33:36.5654|INFO|Microsoft.Hosting.Lifetime|Content root path: D:\Core\StudentManagement\StudentManagement
2021-04-06 22:05:28.4394|INFO|Microsoft.Hosting.Lifetime|Now listening on: http://127.0.0.1:43953
2021-04-06 22:05:28.6578|INFO|Microsoft.Hosting.Lifetime|Application started. Press Ctrl+C to shut down.
2021-04-06 22:05:28.6957|INFO|Microsoft.Hosting.Lifetime|Hosting environment: Product
2021-04-06 22:05:28.7123|INFO|Microsoft.Hosting.Lifetime|Content root path: D:\Core\StudentManagement\StudentManagement
2021-04-06 22:06:00.2934|WARN|StudentManagement.Controllers.ErrorController|发生了404错误，路径=/favicon.ico 以及查询字符串=
2021-04-06 22:45:37.6703|INFO|Microsoft.Hosting.Lifetime|Now listening on: http://127.0.0.1:24158
2021-04-06 22:45:37.8836|INFO|Microsoft.Hosting.Lifetime|Application started. Press Ctrl+C to shut down.
2021-04-06 22:45:37.9226|INFO|Microsoft.Hosting.Lifetime|Hosting environment: Product
2021-04-06 22:45:37.9372|INFO|Microsoft.Hosting.Lifetime|Content root path: D:\Core\StudentManagement\StudentManagement
2021-04-06 22:46:26.7789|ERROR|Microsoft.EntityFrameworkCore.Database.Command|Failed executing DbCommand (16ms) [Parameters=[@p0='?' (Size = 450), @p1='?' (Size = 4000)], CommandType='Text', CommandTimeout='30']
SET NOCOUNT ON;
DELETE FROM [AspNetRoles]
WHERE [Id] = @p0 AND [ConcurrencyStamp] = @p1;
SELECT @@ROWCOUNT;
2021-04-06 22:46:26.9222|ERROR|Microsoft.EntityFrameworkCore.Update|An exception occurred in the database while saving changes for context type 'StudentManagement.Infrastructure.AppDbContext'.
Microsoft.EntityFrameworkCore.DbUpdateException: An error occurred while updating the entries. See the inner exception for details.
 ---> Microsoft.Data.SqlClient.SqlException (0x80131904): The DELETE statement conflicted with the REFERENCE constraint "FK_AspNetUserRoles_AspNetRoles_RoleId". The conflict occurred in database "StudentDB", table "dbo.AspNetUserRoles", column 'RoleId'.
The statement has been terminated.
   at Microsoft.Data.SqlClient.SqlCommand.<>c.<ExecuteDbDataReaderAsync>b__169_0(Task`1 result)
   at System.Threading.Tasks.ContinuationResultTaskFromResultTask`2.InnerInvoke()
   at System.Threading.ExecutionContext.RunInternal(ExecutionContext executionContext, ContextCallback callback, Object state)
--- End of stack trace from previous location ---
   at System.Threading.Tasks.Task.ExecuteWithThreadLocal(Task& currentTaskSlot, Thread threadPoolThread)
--- End of stack trace from previous location ---
   at Microsoft.EntityFrameworkCore.Storage.RelationalCommand.ExecuteReaderAsync(RelationalCommandParameterObject parameterObject, CancellationToken cancellationToken)
   at Microsoft.EntityFrameworkCore.Storage.RelationalCommand.ExecuteReaderAsync(RelationalCommandParameterObject parameterObject, CancellationToken cancellationToken)
   at Microsoft.EntityFrameworkCore.Update.ReaderModificationCommandBatch.ExecuteAsync(IRelationalConnection connection, CancellationToken cancellationToken)
ClientConnectionId:7f88086d-e8ba-4458-a964-55537d108d26
Error Number:547,State:0,Class:16
   --- End of inner exception stack trace ---
   at Microsoft.EntityFrameworkCore.Update.ReaderModificationCommandBatch.ExecuteAsync(IRelationalConnection connection, CancellationToken cancellationToken)
   at Microsoft.EntityFrameworkCore.Update.Internal.BatchExecutor.ExecuteAsync(IEnumerable`1 commandBatches, IRelationalConnection connection, CancellationToken cancellationToken)
   at Microsoft.EntityFrameworkCore.Update.Internal.BatchExecutor.ExecuteAsync(IEnumerable`1 commandBatches, IRelationalConnection connection, CancellationToken cancellationToken)
   at Microsoft.EntityFrameworkCore.Update.Internal.BatchExecutor.ExecuteAsync(IEnumerable`1 commandBatches, IRelationalConnection connection, CancellationToken cancellationToken)
   at Microsoft.EntityFrameworkCore.ChangeTracking.Internal.StateManager.SaveChangesAsync(IList`1 entriesToSave, CancellationToken cancellationToken)
   at Microsoft.EntityFrameworkCore.ChangeTracking.Internal.StateManager.SaveChangesAsync(DbContext _, Boolean acceptAllChangesOnSuccess, CancellationToken cancellationToken)
   at Microsoft.EntityFrameworkCore.SqlServer.Storage.Internal.SqlServerExecutionStrategy.ExecuteAsync[TState,TResult](TState state, Func`4 operation, Func`4 verifySucceeded, CancellationToken cancellationToken)
   at Microsoft.EntityFrameworkCore.DbContext.SaveChangesAsync(Boolean acceptAllChangesOnSuccess, CancellationToken cancellationToken)
2021-04-06 22:46:27.2703|ERROR|StudentManagement.Controllers.AdminController|发生异常：Microsoft.EntityFrameworkCore.DbUpdateException: An error occurred while updating the entries. See the inner exception for details.
 ---> Microsoft.Data.SqlClient.SqlException (0x80131904): The DELETE statement conflicted with the REFERENCE constraint "FK_AspNetUserRoles_AspNetRoles_RoleId". The conflict occurred in database "StudentDB", table "dbo.AspNetUserRoles", column 'RoleId'.
The statement has been terminated.
   at Microsoft.Data.SqlClient.SqlCommand.<>c.<ExecuteDbDataReaderAsync>b__169_0(Task`1 result)
   at System.Threading.Tasks.ContinuationResultTaskFromResultTask`2.InnerInvoke()
   at System.Threading.ExecutionContext.RunInternal(ExecutionContext executionContext, ContextCallback callback, Object state)
--- End of stack trace from previous location ---
   at System.Threading.Tasks.Task.ExecuteWithThreadLocal(Task& currentTaskSlot, Thread threadPoolThread)
--- End of stack trace from previous location ---
   at Microsoft.EntityFrameworkCore.Storage.RelationalCommand.ExecuteReaderAsync(RelationalCommandParameterObject parameterObject, CancellationToken cancellationToken)
   at Microsoft.EntityFrameworkCore.Storage.RelationalCommand.ExecuteReaderAsync(RelationalCommandParameterObject parameterObject, CancellationToken cancellationToken)
   at Microsoft.EntityFrameworkCore.Update.ReaderModificationCommandBatch.ExecuteAsync(IRelationalConnection connection, CancellationToken cancellationToken)
ClientConnectionId:7f88086d-e8ba-4458-a964-55537d108d26
Error Number:547,State:0,Class:16
   --- End of inner exception stack trace ---
   at Microsoft.EntityFrameworkCore.Update.ReaderModificationCommandBatch.ExecuteAsync(IRelationalConnection connection, CancellationToken cancellationToken)
   at Microsoft.EntityFrameworkCore.Update.Internal.BatchExecutor.ExecuteAsync(IEnumerable`1 commandBatches, IRelationalConnection connection, CancellationToken cancellationToken)
   at Microsoft.EntityFrameworkCore.Update.Internal.BatchExecutor.ExecuteAsync(IEnumerable`1 commandBatches, IRelationalConnection connection, CancellationToken cancellationToken)
   at Microsoft.EntityFrameworkCore.Update.Internal.BatchExecutor.ExecuteAsync(IEnumerable`1 commandBatches, IRelationalConnection connection, CancellationToken cancellationToken)
   at Microsoft.EntityFrameworkCore.ChangeTracking.Internal.StateManager.SaveChangesAsync(IList`1 entriesToSave, CancellationToken cancellationToken)
   at Microsoft.EntityFrameworkCore.ChangeTracking.Internal.StateManager.SaveChangesAsync(DbContext _, Boolean acceptAllChangesOnSuccess, CancellationToken cancellationToken)
   at Microsoft.EntityFrameworkCore.SqlServer.Storage.Internal.SqlServerExecutionStrategy.ExecuteAsync[TState,TResult](TState state, Func`4 operation, Func`4 verifySucceeded, CancellationToken cancellationToken)
   at Microsoft.EntityFrameworkCore.DbContext.SaveChangesAsync(Boolean acceptAllChangesOnSuccess, CancellationToken cancellationToken)
   at Microsoft.EntityFrameworkCore.DbContext.SaveChangesAsync(Boolean acceptAllChangesOnSuccess, CancellationToken cancellationToken)
   at Microsoft.AspNetCore.Identity.EntityFrameworkCore.RoleStore`5.SaveChanges(CancellationToken cancellationToken)
   at Microsoft.AspNetCore.Identity.EntityFrameworkCore.RoleStore`5.DeleteAsync(TRole role, CancellationToken cancellationToken)
   at StudentManagement.Controllers.AdminController.DeleteRole(String id) in D:\Core\StudentManagement\StudentManagement\Controllers\AdminController.cs:line 231
2021-04-06 22:48:37.9374|INFO|Microsoft.Hosting.Lifetime|Now listening on: http://127.0.0.1:40140
2021-04-06 22:48:38.0912|INFO|Microsoft.Hosting.Lifetime|Application started. Press Ctrl+C to shut down.
2021-04-06 22:48:38.1261|INFO|Microsoft.Hosting.Lifetime|Hosting environment: Product
2021-04-06 22:48:38.1689|INFO|Microsoft.Hosting.Lifetime|Content root path: D:\Core\StudentManagement\StudentManagement
2021-04-06 22:50:44.2397|INFO|Microsoft.Hosting.Lifetime|Now listening on: http://127.0.0.1:45687
2021-04-06 22:50:44.3910|INFO|Microsoft.Hosting.Lifetime|Application started. Press Ctrl+C to shut down.
2021-04-06 22:50:44.4158|INFO|Microsoft.Hosting.Lifetime|Hosting environment: Product
2021-04-06 22:50:44.4542|INFO|Microsoft.Hosting.Lifetime|Content root path: D:\Core\StudentManagement\StudentManagement
2021-04-06 23:47:06.5678|INFO|Microsoft.Hosting.Lifetime|Now listening on: http://127.0.0.1:47445
2021-04-06 23:47:06.7076|INFO|Microsoft.Hosting.Lifetime|Application started. Press Ctrl+C to shut down.
2021-04-06 23:47:06.7359|INFO|Microsoft.Hosting.Lifetime|Hosting environment: Product
2021-04-06 23:47:06.7959|INFO|Microsoft.Hosting.Lifetime|Content root path: D:\Core\StudentManagement\StudentManagement
2021-04-06 23:47:27.6566|ERROR|Microsoft.EntityFrameworkCore.Database.Command|Failed executing DbCommand (11ms) [Parameters=[@__normalizedRoleName_0='?' (Size = 256)], CommandType='Text', CommandTimeout='30']
SELECT TOP(2) [a].[Id], [a].[ConcurrencyStamp], [a].[Name], [a].[NormalizedName]
FROM [AspNetRoles] AS [a]
WHERE [a].[NormalizedName] = @__normalizedRoleName_0
2021-04-06 23:47:27.7750|ERROR|Microsoft.EntityFrameworkCore.Query|An exception occurred while iterating over the results of a query for context type 'StudentManagement.Infrastructure.AppDbContext'.
System.InvalidOperationException: There is already an open DataReader associated with this Connection which must be closed first.
   at Microsoft.Data.SqlClient.SqlCommand.<>c.<ExecuteDbDataReaderAsync>b__169_0(Task`1 result)
   at System.Threading.Tasks.ContinuationResultTaskFromResultTask`2.InnerInvoke()
   at System.Threading.Tasks.Task.<>c.<.cctor>b__277_0(Object obj)
   at System.Threading.ExecutionContext.RunInternal(ExecutionContext executionContext, ContextCallback callback, Object state)
--- End of stack trace from previous location ---
   at System.Threading.Tasks.Task.ExecuteWithThreadLocal(Task& currentTaskSlot, Thread threadPoolThread)
--- End of stack trace from previous location ---
   at Microsoft.EntityFrameworkCore.Storage.RelationalCommand.ExecuteReaderAsync(RelationalCommandParameterObject parameterObject, CancellationToken cancellationToken)
   at Microsoft.EntityFrameworkCore.Storage.RelationalCommand.ExecuteReaderAsync(RelationalCommandParameterObject parameterObject, CancellationToken cancellationToken)
   at Microsoft.EntityFrameworkCore.Query.Internal.SingleQueryingEnumerable`1.AsyncEnumerator.InitializeReaderAsync(DbContext _, Boolean result, CancellationToken cancellationToken)
   at Microsoft.EntityFrameworkCore.SqlServer.Storage.Internal.SqlServerExecutionStrategy.ExecuteAsync[TState,TResult](TState state, Func`4 operation, Func`4 verifySucceeded, CancellationToken cancellationToken)
   at Microsoft.EntityFrameworkCore.Query.Internal.SingleQueryingEnumerable`1.AsyncEnumerator.MoveNextAsync()
2021-04-06 23:47:28.0455|ERROR|Microsoft.AspNetCore.Diagnostics.ExceptionHandlerMiddleware|An unhandled exception has occurred while executing the request.
2021-04-06 23:47:28.1342|ERROR|StudentManagement.Controllers.ErrorController|路径/Admin/ManageUserRoles产生了壹个错误System.InvalidOperationException: There is already an open DataReader associated with this Connection which must be closed first.
   at Microsoft.Data.SqlClient.SqlCommand.<>c.<ExecuteDbDataReaderAsync>b__169_0(Task`1 result)
   at System.Threading.Tasks.ContinuationResultTaskFromResultTask`2.InnerInvoke()
   at System.Threading.Tasks.Task.<>c.<.cctor>b__277_0(Object obj)
   at System.Threading.ExecutionContext.RunInternal(ExecutionContext executionContext, ContextCallback callback, Object state)
--- End of stack trace from previous location ---
   at System.Threading.Tasks.Task.ExecuteWithThreadLocal(Task& currentTaskSlot, Thread threadPoolThread)
--- End of stack trace from previous location ---
   at Microsoft.EntityFrameworkCore.Storage.RelationalCommand.ExecuteReaderAsync(RelationalCommandParameterObject parameterObject, CancellationToken cancellationToken)
   at Microsoft.EntityFrameworkCore.Storage.RelationalCommand.ExecuteReaderAsync(RelationalCommandParameterObject parameterObject, CancellationToken cancellationToken)
   at Microsoft.EntityFrameworkCore.Query.Internal.SingleQueryingEnumerable`1.AsyncEnumerator.InitializeReaderAsync(DbContext _, Boolean result, CancellationToken cancellationToken)
   at Microsoft.EntityFrameworkCore.SqlServer.Storage.Internal.SqlServerExecutionStrategy.ExecuteAsync[TState,TResult](TState state, Func`4 operation, Func`4 verifySucceeded, CancellationToken cancellationToken)
   at Microsoft.EntityFrameworkCore.Query.Internal.SingleQueryingEnumerable`1.AsyncEnumerator.MoveNextAsync()
   at Microsoft.EntityFrameworkCore.Query.ShapedQueryCompilingExpressionVisitor.SingleOrDefaultAsync[TSource](IAsyncEnumerable`1 asyncEnumerable, CancellationToken cancellationToken)
   at Microsoft.EntityFrameworkCore.Query.ShapedQueryCompilingExpressionVisitor.SingleOrDefaultAsync[TSource](IAsyncEnumerable`1 asyncEnumerable, CancellationToken cancellationToken)
   at Microsoft.AspNetCore.Identity.EntityFrameworkCore.UserStore`9.IsInRoleAsync(TUser user, String normalizedRoleName, CancellationToken cancellationToken)
   at Microsoft.AspNetCore.Identity.UserManager`1.IsInRoleAsync(TUser user, String role)
   at StudentManagement.Controllers.AdminController.ManageUserRoles(String userId) in D:\Core\StudentManagement\StudentManagement\Controllers\AdminController.cs:line 138
   at Microsoft.AspNetCore.Mvc.Infrastructure.ActionMethodExecutor.TaskOfIActionResultExecutor.Execute(IActionResultTypeMapper mapper, ObjectMethodExecutor executor, Object controller, Object[] arguments)
   at Microsoft.AspNetCore.Mvc.Infrastructure.ControllerActionInvoker.<InvokeActionMethodAsync>g__Awaited|12_0(ControllerActionInvoker invoker, ValueTask`1 actionResultValueTask)
   at Microsoft.AspNetCore.Mvc.Infrastructure.ControllerActionInvoker.<InvokeNextActionFilterAsync>g__Awaited|10_0(ControllerActionInvoker invoker, Task lastTask, State next, Scope scope, Object state, Boolean isCompleted)
   at Microsoft.AspNetCore.Mvc.Infrastructure.ControllerActionInvoker.Rethrow(ActionExecutedContextSealed context)
   at Microsoft.AspNetCore.Mvc.Infrastructure.ControllerActionInvoker.Next(State& next, Scope& scope, Object& state, Boolean& isCompleted)
   at Microsoft.AspNetCore.Mvc.Infrastructure.ControllerActionInvoker.<InvokeInnerFilterAsync>g__Awaited|13_0(ControllerActionInvoker invoker, Task lastTask, State next, Scope scope, Object state, Boolean isCompleted)
   at Microsoft.AspNetCore.Mvc.Infrastructure.ResourceInvoker.<InvokeNextResourceFilter>g__Awaited|24_0(ResourceInvoker invoker, Task lastTask, State next, Scope scope, Object state, Boolean isCompleted)
   at Microsoft.AspNetCore.Mvc.Infrastructure.ResourceInvoker.Rethrow(ResourceExecutedContextSealed context)
   at Microsoft.AspNetCore.Mvc.Infrastructure.ResourceInvoker.Next(State& next, Scope& scope, Object& state, Boolean& isCompleted)
   at Microsoft.AspNetCore.Mvc.Infrastructure.ResourceInvoker.<InvokeFilterPipelineAsync>g__Awaited|19_0(ResourceInvoker invoker, Task lastTask, State next, Scope scope, Object state, Boolean isCompleted)
   at Microsoft.AspNetCore.Mvc.Infrastructure.ResourceInvoker.<InvokeAsync>g__Awaited|17_0(ResourceInvoker invoker, Task task, IDisposable scope)
   at Microsoft.AspNetCore.Routing.EndpointMiddleware.<Invoke>g__AwaitRequestTask|6_0(Endpoint endpoint, Task requestTask, ILogger logger)
   at Microsoft.AspNetCore.Authorization.Policy.AuthorizationMiddlewareResultHandler.HandleAsync(RequestDelegate next, HttpContext context, AuthorizationPolicy policy, PolicyAuthorizationResult authorizeResult)
   at Microsoft.AspNetCore.Authorization.AuthorizationMiddleware.Invoke(HttpContext context)
   at Microsoft.AspNetCore.Authentication.AuthenticationMiddleware.Invoke(HttpContext context)
   at Microsoft.AspNetCore.Diagnostics.StatusCodePagesMiddleware.Invoke(HttpContext context)
   at Microsoft.AspNetCore.Diagnostics.ExceptionHandlerMiddleware.<Invoke>g__Awaited|6_0(ExceptionHandlerMiddleware middleware, HttpContext context, Task task)
2021-04-06 23:48:34.5023|INFO|Microsoft.Hosting.Lifetime|Now listening on: http://127.0.0.1:2598
2021-04-06 23:48:34.6501|INFO|Microsoft.Hosting.Lifetime|Application started. Press Ctrl+C to shut down.
2021-04-06 23:48:34.6713|INFO|Microsoft.Hosting.Lifetime|Hosting environment: Development
2021-04-06 23:48:34.6869|INFO|Microsoft.Hosting.Lifetime|Content root path: D:\Core\StudentManagement\StudentManagement
2021-04-06 23:48:58.3673|ERROR|Microsoft.EntityFrameworkCore.Database.Command|Failed executing DbCommand (7ms) [Parameters=[@__normalizedRoleName_0='?' (Size = 256)], CommandType='Text', CommandTimeout='30']
SELECT TOP(2) [a].[Id], [a].[ConcurrencyStamp], [a].[Name], [a].[NormalizedName]
FROM [AspNetRoles] AS [a]
WHERE [a].[NormalizedName] = @__normalizedRoleName_0
2021-04-06 23:48:58.4915|ERROR|Microsoft.EntityFrameworkCore.Query|An exception occurred while iterating over the results of a query for context type 'StudentManagement.Infrastructure.AppDbContext'.
System.InvalidOperationException: There is already an open DataReader associated with this Connection which must be closed first.
   at Microsoft.Data.SqlClient.SqlCommand.<>c.<ExecuteDbDataReaderAsync>b__169_0(Task`1 result)
   at System.Threading.Tasks.ContinuationResultTaskFromResultTask`2.InnerInvoke()
   at System.Threading.Tasks.Task.<>c.<.cctor>b__277_0(Object obj)
   at System.Threading.ExecutionContext.RunInternal(ExecutionContext executionContext, ContextCallback callback, Object state)
--- End of stack trace from previous location ---
   at System.Threading.Tasks.Task.ExecuteWithThreadLocal(Task& currentTaskSlot, Thread threadPoolThread)
--- End of stack trace from previous location ---
   at Microsoft.EntityFrameworkCore.Storage.RelationalCommand.ExecuteReaderAsync(RelationalCommandParameterObject parameterObject, CancellationToken cancellationToken)
   at Microsoft.EntityFrameworkCore.Storage.RelationalCommand.ExecuteReaderAsync(RelationalCommandParameterObject parameterObject, CancellationToken cancellationToken)
   at Microsoft.EntityFrameworkCore.Query.Internal.SingleQueryingEnumerable`1.AsyncEnumerator.InitializeReaderAsync(DbContext _, Boolean result, CancellationToken cancellationToken)
   at Microsoft.EntityFrameworkCore.SqlServer.Storage.Internal.SqlServerExecutionStrategy.ExecuteAsync[TState,TResult](TState state, Func`4 operation, Func`4 verifySucceeded, CancellationToken cancellationToken)
   at Microsoft.EntityFrameworkCore.Query.Internal.SingleQueryingEnumerable`1.AsyncEnumerator.MoveNextAsync()
2021-04-06 23:48:58.7438|ERROR|Microsoft.AspNetCore.Diagnostics.DeveloperExceptionPageMiddleware|An unhandled exception has occurred while executing the request.
2021-04-06 23:54:18.9721|INFO|Microsoft.Hosting.Lifetime|Now listening on: http://127.0.0.1:40741
2021-04-06 23:54:19.1086|INFO|Microsoft.Hosting.Lifetime|Application started. Press Ctrl+C to shut down.
2021-04-06 23:54:19.1421|INFO|Microsoft.Hosting.Lifetime|Hosting environment: Development
2021-04-06 23:54:19.1651|INFO|Microsoft.Hosting.Lifetime|Content root path: D:\Core\StudentManagement\StudentManagement
2021-04-06 23:59:58.6074|INFO|Microsoft.Hosting.Lifetime|Now listening on: http://127.0.0.1:20142
2021-04-06 23:59:58.7762|INFO|Microsoft.Hosting.Lifetime|Application started. Press Ctrl+C to shut down.
2021-04-06 23:59:58.8239|INFO|Microsoft.Hosting.Lifetime|Hosting environment: Development
2021-04-06 23:59:58.8522|INFO|Microsoft.Hosting.Lifetime|Content root path: D:\Core\StudentManagement\StudentManagement
